[    3839ms] [WARNING] The resource http://localhost:3050/favicon.png was preloaded using link preload but not used within a few seconds from the window's load event. Please make sure it has an appropriate `as` value and it is preloaded intentionally. @ http://localhost:3050/kontakt:0
[  231054ms] [WARNING] [Fast Refresh] performing full reload

Fast Refresh will perform a full reload when you edit a file that's imported by modules outside of the React rendering tree.
You might have a file which exports a React component but also exports a value that is imported by a non-React component file.
Consider migrating the non-React component export to a separate file and importing it into both files.

It is also possible the parent component of the component you edited is a class component, which disables Fast Refresh.
Fast Refresh requires at least one parent function component in your React tree. @ http://localhost:3050/_next/static/chunks/node_modules_next_dist_f3530cac._.js:2297
[  234711ms] [WARNING] The resource http://localhost:3050/favicon.png was preloaded using link preload but not used within a few seconds from the window's load event. Please make sure it has an appropriate `as` value and it is preloaded intentionally. @ http://localhost:3050/kontakt:0
[  243583ms] [WARNING] The resource http://localhost:3050/favicon.png was preloaded using link preload but not used within a few seconds from the window's load event. Please make sure it has an appropriate `as` value and it is preloaded intentionally. @ http://localhost:3050/kontakt:0
[  247411ms] [WARNING] The resource http://localhost:3050/favicon.png was preloaded using link preload but not used within a few seconds from the window's load event. Please make sure it has an appropriate `as` value and it is preloaded intentionally. @ http://localhost:3050/kontakt:0
[  258339ms] ReferenceError: caseStudyEventJsonLd is not defined
    at fn (http://localhost:3050/_next/static/chunks/node_modules_next_dist_compiled_react-server-dom-turbopack_9212ccad._.js:1915:24)
    at resolveErrorDev (http://localhost:3050/_next/static/chunks/node_modules_next_dist_compiled_react-server-dom-turbopack_9212ccad._.js:1894:106)
    at processFullStringRow (http://localhost:3050/_next/static/chunks/node_modules_next_dist_compiled_react-server-dom-turbopack_9212ccad._.js:2402:29)
    at processFullBinaryRow (http://localhost:3050/_next/static/chunks/node_modules_next_dist_compiled_react-server-dom-turbopack_9212ccad._.js:2361:9)
    at processBinaryChunk (http://localhost:3050/_next/static/chunks/node_modules_next_dist_compiled_react-server-dom-turbopack_9212ccad._.js:2470:221)
    at progress (http://localhost:3050/_next/static/chunks/node_modules_next_dist_compiled_react-server-dom-turbopack_9212ccad._.js:2640:13)
[  261388ms] [WARNING] The resource http://localhost:3050/favicon.png was preloaded using link preload but not used within a few seconds from the window's load event. Please make sure it has an appropriate `as` value and it is preloaded intentionally. @ http://localhost:3050/kontakt:0
[  265228ms] [WARNING] The resource http://localhost:3050/favicon.png was preloaded using link preload but not used within a few seconds from the window's load event. Please make sure it has an appropriate `as` value and it is preloaded intentionally. @ http://localhost:3050/kontakt:0
[  270805ms] [WARNING] The resource http://localhost:3050/favicon.png was preloaded using link preload but not used within a few seconds from the window's load event. Please make sure it has an appropriate `as` value and it is preloaded intentionally. @ http://localhost:3050/kontakt:0
[  317628ms] [WARNING] The resource http://localhost:3050/favicon.png was preloaded using link preload but not used within a few seconds from the window's load event. Please make sure it has an appropriate `as` value and it is preloaded intentionally. @ http://localhost:3050/kontakt:0
[  319251ms] [ERROR] ./components/sections/FinalCTA.tsx:71:15
Parsing ecmascript source code failed
  69 |             </p>
  70 |           </div>
> 71 |         </div>
     |               ^
> 72 |       </div>
     | ^^^^^^^
  73 |     </section>
  74 |   );
  75 | }

Expected '</', got 'jsx text'

Import trace:
  Server Component:
    ./components/sections/FinalCTA.tsx
    ./app/page.tsx @ http://localhost:3050/_next/static/chunks/node_modules_next_dist_f3530cac._.js:3127
[  322284ms] [WARNING] The resource http://localhost:3050/favicon.png was preloaded using link preload but not used within a few seconds from the window's load event. Please make sure it has an appropriate `as` value and it is preloaded intentionally. @ http://localhost:3050/kontakt:0
[  325855ms] [WARNING] The resource http://localhost:3050/favicon.png was preloaded using link preload but not used within a few seconds from the window's load event. Please make sure it has an appropriate `as` value and it is preloaded intentionally. @ http://localhost:3050/kontakt:0
[  339134ms] [WARNING] The resource http://localhost:3050/favicon.png was preloaded using link preload but not used within a few seconds from the window's load event. Please make sure it has an appropriate `as` value and it is preloaded intentionally. @ http://localhost:3050/kontakt:0
[  360253ms] [WARNING] The resource http://localhost:3050/favicon.png was preloaded using link preload but not used within a few seconds from the window's load event. Please make sure it has an appropriate `as` value and it is preloaded intentionally. @ http://localhost:3050/kontakt:0
[ 1067903ms] [WARNING] The resource http://localhost:3050/favicon.png was preloaded using link preload but not used within a few seconds from the window's load event. Please make sure it has an appropriate `as` value and it is preloaded intentionally. @ http://localhost:3050/kontakt:0
[ 1366458ms] [WARNING] The resource http://localhost:3050/favicon.png was preloaded using link preload but not used within a few seconds from the window's load event. Please make sure it has an appropriate `as` value and it is preloaded intentionally. @ http://localhost:3050/kontakt:0
